[debug] [2020-07-15T10:03:17.172Z] ----------------------------------------------------------------------
[debug] [2020-07-15T10:03:17.173Z] Command:       /usr/local/bin/node /usr/local/bin/firebase deploy -m redesign --project junjie-yang
[debug] [2020-07-15T10:03:17.173Z] CLI Version:   8.5.0
[debug] [2020-07-15T10:03:17.173Z] Platform:      darwin
[debug] [2020-07-15T10:03:17.173Z] Node Version:  v12.18.1
[debug] [2020-07-15T10:03:17.174Z] Time:          Wed Jul 15 2020 18:03:17 GMT+0800 (China Standard Time)
[debug] [2020-07-15T10:03:17.174Z] ----------------------------------------------------------------------
[debug] [2020-07-15T10:03:17.174Z] 
[debug] [2020-07-15T10:03:17.179Z] > command requires scopes: ["email","openid","https://www.googleapis.com/auth/cloudplatformprojects.readonly","https://www.googleapis.com/auth/firebase","https://www.googleapis.com/auth/cloud-platform"]
[debug] [2020-07-15T10:03:17.180Z] > authorizing via signed-in user
[debug] [2020-07-15T10:03:17.180Z] [iam] checking project junjie-yang for permissions ["firebase.projects.get","firebasehosting.sites.update"]
[debug] [2020-07-15T10:03:17.182Z] > refreshing access token with scopes: ["email","https://www.googleapis.com/auth/cloud-platform","https://www.googleapis.com/auth/cloudplatformprojects.readonly","https://www.googleapis.com/auth/firebase","openid"]
[debug] [2020-07-15T10:03:17.182Z] >>> HTTP REQUEST POST https://www.googleapis.com/oauth2/v3/token  
 <request body omitted>
[debug] [2020-07-15T10:03:18.393Z] <<< HTTP RESPONSE 200 {"content-type":"application/json; charset=utf-8","vary":"X-Origin, Referer, Origin,Accept-Encoding","date":"Wed, 15 Jul 2020 10:03:17 GMT","server":"scaffolding on HTTPServer2","cache-control":"private","x-xss-protection":"0","x-frame-options":"SAMEORIGIN","x-content-type-options":"nosniff","accept-ranges":"none","transfer-encoding":"chunked"}
[debug] [2020-07-15T10:03:18.439Z] >>> HTTP REQUEST POST https://cloudresourcemanager.googleapis.com/v1/projects/junjie-yang:testIamPermissions  
 {"permissions":["firebase.projects.get","firebasehosting.sites.update"]}
[debug] [2020-07-15T10:03:19.725Z] <<< HTTP RESPONSE 200 {"content-type":"application/json; charset=UTF-8","vary":"X-Origin, Referer, Origin,Accept-Encoding","date":"Wed, 15 Jul 2020 10:03:19 GMT","server":"ESF","cache-control":"private","x-xss-protection":"0","x-frame-options":"SAMEORIGIN","x-content-type-options":"nosniff","server-timing":"gfet4t7; dur=753","accept-ranges":"none","transfer-encoding":"chunked"}
[debug] [2020-07-15T10:03:19.726Z] >>> HTTP REQUEST GET https://firebase.googleapis.com/v1beta1/projects/junjie-yang  
 
[debug] [2020-07-15T10:03:20.955Z] <<< HTTP RESPONSE 200 {"content-type":"application/json; charset=UTF-8","vary":"X-Origin, Referer, Origin,Accept-Encoding","date":"Wed, 15 Jul 2020 10:03:20 GMT","server":"ESF","cache-control":"private","x-xss-protection":"0","x-frame-options":"SAMEORIGIN","x-content-type-options":"nosniff","accept-ranges":"none","transfer-encoding":"chunked"}
[info] 
[info] === Deploying to 'junjie-yang'...
[info] 
[info] i  deploying hosting 
[debug] [2020-07-15T10:03:20.959Z] >>> HTTP REQUEST POST https://firebasehosting.googleapis.com/v1beta1/sites/junjie-yang/versions  
 {"config":{"rewrites":[{"glob":"**","path":"/index.html"}]},"labels":{"deployment-tool":"cli-firebase"}}
